[0m21:35:05.393990 [debug] [MainThread]: Sending event: {'category': 'dbt', 'action': 'invocation', 'label': 'start', 'context': [<snowplow_tracker.self_describing_json.SelfDescribingJson object at 0x0000023A1654E9B0>, <snowplow_tracker.self_describing_json.SelfDescribingJson object at 0x0000023A18CA5E40>, <snowplow_tracker.self_describing_json.SelfDescribingJson object at 0x0000023A18CA5ED0>]}


============================== 21:35:05.400944 | 6a36dbb1-de6e-4a47-82b4-31429485a451 ==============================
[0m21:35:05.400944 [info ] [MainThread]: Running with dbt=1.8.2
[0m21:35:05.402742 [debug] [MainThread]: running dbt with arguments {'printer_width': '80', 'indirect_selection': 'eager', 'write_json': 'True', 'log_cache_events': 'False', 'partial_parse': 'True', 'cache_selected_only': 'False', 'warn_error': 'None', 'debug': 'False', 'fail_fast': 'False', 'log_path': 'logs', 'profiles_dir': 'C:\\Users\\User\\.dbt', 'version_check': 'True', 'use_colors': 'True', 'use_experimental_parser': 'False', 'no_print': 'None', 'quiet': 'False', 'warn_error_options': 'WarnErrorOptions(include=[], exclude=[])', 'introspect': 'True', 'static_parser': 'True', 'log_format': 'default', 'target_path': 'None', 'invocation_command': 'dbt init my_dbt_project', 'send_anonymous_usage_stats': 'True'}
[0m21:35:05.450742 [debug] [MainThread]: Starter project path: C:\Users\User\Documents\capstone-project-ELT\dbt-project\dbt_venv\lib\site-packages\dbt\include\starter_project
[0m21:35:05.560645 [info ] [MainThread]: 
Your new dbt project "my_dbt_project" was created!

For more information on how to configure the profiles.yml file,
please consult the dbt documentation here:

  https://docs.getdbt.com/docs/configure-your-profile

One more thing:

Need help? Don't hesitate to reach out to us via GitHub issues or on Slack:

  https://community.getdbt.com/

Happy modeling!

[0m21:35:05.564649 [info ] [MainThread]: Setting up your profile.
[0m21:36:21.347815 [info ] [MainThread]: Profile my_dbt_project written to C:\Users\User\.dbt\profiles.yml using target's profile_template.yml and your supplied values. Run 'dbt debug' to validate the connection.
[0m21:36:21.353815 [debug] [MainThread]: Command `dbt init` succeeded at 21:36:21.352819 after 76.08 seconds
[0m21:36:21.355913 [debug] [MainThread]: Sending event: {'category': 'dbt', 'action': 'invocation', 'label': 'end', 'context': [<snowplow_tracker.self_describing_json.SelfDescribingJson object at 0x0000023A1654E9B0>, <snowplow_tracker.self_describing_json.SelfDescribingJson object at 0x0000023A18CA5E40>, <snowplow_tracker.self_describing_json.SelfDescribingJson object at 0x0000023A18BAF640>]}
[0m21:36:21.357202 [debug] [MainThread]: Flushing usage events
[0m21:36:33.208248 [debug] [MainThread]: Sending event: {'category': 'dbt', 'action': 'invocation', 'label': 'start', 'context': [<snowplow_tracker.self_describing_json.SelfDescribingJson object at 0x000001E85798AA40>, <snowplow_tracker.self_describing_json.SelfDescribingJson object at 0x000001E85A0E3F40>, <snowplow_tracker.self_describing_json.SelfDescribingJson object at 0x000001E85A0E2380>]}


============================== 21:36:33.214212 | 0e1e2b9d-dafe-444f-81f9-c64ed6bed639 ==============================
[0m21:36:33.214212 [info ] [MainThread]: Running with dbt=1.8.2
[0m21:36:33.216378 [debug] [MainThread]: running dbt with arguments {'printer_width': '80', 'indirect_selection': 'eager', 'write_json': 'True', 'log_cache_events': 'False', 'partial_parse': 'True', 'cache_selected_only': 'False', 'profiles_dir': 'C:\\Users\\User\\.dbt', 'fail_fast': 'False', 'version_check': 'True', 'log_path': 'logs', 'warn_error': 'None', 'debug': 'False', 'use_colors': 'True', 'use_experimental_parser': 'False', 'no_print': 'None', 'quiet': 'False', 'warn_error_options': 'WarnErrorOptions(include=[], exclude=[])', 'invocation_command': 'dbt debug', 'introspect': 'True', 'log_format': 'default', 'target_path': 'None', 'static_parser': 'True', 'send_anonymous_usage_stats': 'True'}
[0m21:36:33.259424 [info ] [MainThread]: dbt version: 1.8.2
[0m21:36:33.261424 [info ] [MainThread]: python version: 3.10.11
[0m21:36:33.262424 [info ] [MainThread]: python path: C:\Users\User\Documents\capstone-project-ELT\dbt-project\dbt_venv\Scripts\python.exe
[0m21:36:33.264425 [info ] [MainThread]: os info: Windows-10-10.0.19045-SP0
[0m21:36:34.945477 [info ] [MainThread]: Using profiles dir at C:\Users\User\.dbt
[0m21:36:34.947677 [info ] [MainThread]: Using profiles.yml file at C:\Users\User\.dbt\profiles.yml
[0m21:36:34.949214 [info ] [MainThread]: Using dbt_project.yml file at C:\Users\User\Documents\capstone-project-ELT\dbt-project\include\dbt_project.yml
[0m21:36:34.950938 [error] [MainThread]: Encountered an error:
Internal Error
  Profile should not be None if loading profile completed
[0m21:36:34.954513 [debug] [MainThread]: Command `dbt debug` failed at 21:36:34.954513 after 1.86 seconds
[0m21:36:34.955514 [debug] [MainThread]: Sending event: {'category': 'dbt', 'action': 'invocation', 'label': 'end', 'context': [<snowplow_tracker.self_describing_json.SelfDescribingJson object at 0x000001E85798AA40>, <snowplow_tracker.self_describing_json.SelfDescribingJson object at 0x000001E859FEF520>, <snowplow_tracker.self_describing_json.SelfDescribingJson object at 0x000001E85A17CC10>]}
[0m21:36:34.956512 [debug] [MainThread]: Flushing usage events
